{
  "stats": {
    "suites": 1,
    "tests": 10,
    "passes": 5,
    "pending": 1,
    "failures": 4,
    "start": "2025-11-14T09:16:44.021Z",
    "end": "2025-11-14T09:17:55.925Z",
    "duration": 71904,
    "testsRegistered": 11,
    "passPercent": 50,
    "pendingPercent": 9.090909090909092,
    "other": 1,
    "hasOther": true,
    "skipped": 0,
    "hasSkipped": false
  },
  "results": [
    {
      "uuid": "339d79b0-4e2c-43ec-90a1-1c3e7a261894",
      "title": "",
      "fullFile": "cypress\\e2e\\signUp.cy.js",
      "file": "cypress\\e2e\\signUp.cy.js",
      "beforeHooks": [],
      "afterHooks": [],
      "tests": [],
      "suites": [
        {
          "uuid": "b305e637-c8e7-463f-b621-aa69fe13c426",
          "title": "signUp functionality tests",
          "fullFile": "",
          "file": "",
          "beforeHooks": [],
          "afterHooks": [],
          "tests": [
            {
              "title": "should be able to signup using valid credentials",
              "fullTitle": "signUp functionality tests should be able to signup using valid credentials",
              "timedOut": null,
              "duration": 11644,
              "state": "failed",
              "speed": null,
              "pass": false,
              "fail": true,
              "pending": false,
              "context": null,
              "code": "site.clickSignUpButton();\nregister.enterFullName(userData.fullName);\nregister.enterUserName(userData.username);\nregister.enterPhoneNumber(userData.phoneNumber);\nregister.enterEmail(userData.validEmail);\nregister.enterPassword(Cypress.env('PASSWORD'));\nregister.confirmPassword(Cypress.env('PASSWORD'));\nregister.clickSubmitButton();\nregister.assertSignup();",
              "err": {
                "message": "AssertionError: Timed out retrying after 4000ms: expected '<div.go1415219401>' to contain 'Signed up successfully'",
                "estack": "AssertionError: Timed out retrying after 4000ms: expected '<div.go1415219401>' to contain 'Signed up successfully'\n    at koraSignUpPage.assertSignup (webpack://david-cypress/./cypress/pages/koraSignUpPage.js:41:9)\n    at Context.eval (webpack://david-cypress/./cypress/e2e/signUp.cy.js:28:17)",
                "diff": null
              },
              "uuid": "6cefb350-74de-4eb6-bc85-1eca07ff2e56",
              "parentUUID": "b305e637-c8e7-463f-b621-aa69fe13c426",
              "isHook": false,
              "skipped": false
            },
            {
              "title": "should not sign up when invalid full name is entered",
              "fullTitle": "signUp functionality tests should not sign up when invalid full name is entered",
              "timedOut": null,
              "duration": 0,
              "state": "pending",
              "speed": null,
              "pass": false,
              "fail": false,
              "pending": true,
              "context": null,
              "code": "",
              "err": {},
              "uuid": "e6ed1f1a-2436-4557-8f53-d3e12cb503f8",
              "parentUUID": "b305e637-c8e7-463f-b621-aa69fe13c426",
              "isHook": false,
              "skipped": false
            },
            {
              "title": "should not sign up when full name is left empty",
              "fullTitle": "signUp functionality tests should not sign up when full name is left empty",
              "timedOut": null,
              "duration": 2647,
              "state": "failed",
              "speed": null,
              "pass": false,
              "fail": true,
              "pending": false,
              "context": null,
              "code": "site.clickSignUpButton();\nregister.enterFullName(invalidData.emptyFullName);\nregister.enterUserName(userData.username);\nregister.enterPhoneNumber(userData.phoneNumber);\nregister.enterEmail(userData.validEmail);\nregister.enterPassword(Cypress.env('PASSWORD'));\nregister.confirmPassword(Cypress.env('PASSWORD'));\nregister.clickSubmitButton();\nregister.assertEmptyFullName();",
              "err": {
                "message": "CypressError: `cy.type()` cannot accept an empty string. You need to actually type something.\n\nhttps://on.cypress.io/type",
                "estack": "CypressError: `cy.type()` cannot accept an empty string. You need to actually type something.\n\nhttps://on.cypress.io/type\n    at Context.type (https://alphapay.netlify.app/__cypress/runner/cypress_runner.js:117099:68)\n    at wrapped (https://alphapay.netlify.app/__cypress/runner/cypress_runner.js:145681:19)\nFrom Your Spec Code:\n    at Object.proxyGetter [as get] (https://alphapay.netlify.app/__cypress/runner/cypress_runner.js:80741:22)\n    at exists (https://alphapay.netlify.app/__cypress/runner/cypress_runner.js:150544:26)\n    at elExists (https://alphapay.netlify.app/__cypress/runner/cypress_runner.js:150559:10)\n    at ensureExistence (https://alphapay.netlify.app/__cypress/runner/cypress_runner.js:150740:22)\n    at onFailFn (https://alphapay.netlify.app/__cypress/runner/cypress_runner.js:150769:53)",
                "diff": null
              },
              "uuid": "b41a43b8-a3c9-4d32-b077-69461f51b31d",
              "parentUUID": "b305e637-c8e7-463f-b621-aa69fe13c426",
              "isHook": false,
              "skipped": false
            },
            {
              "title": "should not sign up when invalid email is entered",
              "fullTitle": "signUp functionality tests should not sign up when invalid email is entered",
              "timedOut": null,
              "duration": 5481,
              "state": "passed",
              "speed": "medium",
              "pass": true,
              "fail": false,
              "pending": false,
              "context": null,
              "code": "site.clickSignUpButton();\nregister.enterFullName(userData.fullName);\nregister.enterUserName(userData.username);\nregister.enterPhoneNumber(userData.phoneNumber);\nregister.enterEmail(invalidData.invalidEmail);\nregister.enterPassword(Cypress.env('PASSWORD'));\nregister.confirmPassword(Cypress.env('PASSWORD'));\nregister.clickSubmitButton();",
              "err": {},
              "uuid": "7098bb9f-e0cf-4c69-9e9f-c96bab810d5a",
              "parentUUID": "b305e637-c8e7-463f-b621-aa69fe13c426",
              "isHook": false,
              "skipped": false
            },
            {
              "title": "should not sign up when email is left empty",
              "fullTitle": "signUp functionality tests should not sign up when email is left empty",
              "timedOut": null,
              "duration": 4076,
              "state": "failed",
              "speed": null,
              "pass": false,
              "fail": true,
              "pending": false,
              "context": null,
              "code": "site.clickSignUpButton();\nregister.enterFullName(userData.fullName);\nregister.enterUserName(userData.username);\nregister.enterPhoneNumber(userData.phoneNumber);\nregister.enterEmail(invalidData.emptyEmail);\nregister.enterPassword(Cypress.env('PASSWORD'));\nregister.confirmPassword(Cypress.env('PASSWORD'));\nregister.clickSubmitButton();\nregister.assertEmptyEmail();",
              "err": {
                "message": "CypressError: `cy.type()` cannot accept an empty string. You need to actually type something.\n\nhttps://on.cypress.io/type",
                "estack": "CypressError: `cy.type()` cannot accept an empty string. You need to actually type something.\n\nhttps://on.cypress.io/type\n    at Context.type (https://alphapay.netlify.app/__cypress/runner/cypress_runner.js:117099:68)\n    at wrapped (https://alphapay.netlify.app/__cypress/runner/cypress_runner.js:145681:19)\nFrom Your Spec Code:\n    at Object.proxyGetter [as get] (https://alphapay.netlify.app/__cypress/runner/cypress_runner.js:80741:22)\n    at exists (https://alphapay.netlify.app/__cypress/runner/cypress_runner.js:150544:26)\n    at elExists (https://alphapay.netlify.app/__cypress/runner/cypress_runner.js:150559:10)\n    at ensureExistence (https://alphapay.netlify.app/__cypress/runner/cypress_runner.js:150740:22)\n    at onFailFn (https://alphapay.netlify.app/__cypress/runner/cypress_runner.js:150769:53)",
                "diff": null
              },
              "uuid": "307d660f-cd1a-4764-ac6e-84eb6f72fcea",
              "parentUUID": "b305e637-c8e7-463f-b621-aa69fe13c426",
              "isHook": false,
              "skipped": false
            },
            {
              "title": "should not sign up when user enters email already in use",
              "fullTitle": "signUp functionality tests should not sign up when user enters email already in use",
              "timedOut": null,
              "duration": 6224,
              "state": "passed",
              "speed": "medium",
              "pass": true,
              "fail": false,
              "pending": false,
              "context": null,
              "code": "site.clickSignUpButton();\nregister.enterFullName(userData.fullName);\nregister.enterUserName(userData.username);\nregister.enterPhoneNumber(userData.phoneNumber);\nregister.enterEmail(invalidData.emailInUse);\nregister.enterPassword(Cypress.env('PASSWORD'));\nregister.confirmPassword(Cypress.env('PASSWORD'));\nregister.clickSubmitButton();",
              "err": {},
              "uuid": "e73c3445-df54-4979-98ad-2c6fd06f96c6",
              "parentUUID": "b305e637-c8e7-463f-b621-aa69fe13c426",
              "isHook": false,
              "skipped": false
            },
            {
              "title": "should not sign up when password field is empty",
              "fullTitle": "signUp functionality tests should not sign up when password field is empty",
              "timedOut": null,
              "duration": 5564,
              "state": "failed",
              "speed": null,
              "pass": false,
              "fail": true,
              "pending": false,
              "context": null,
              "code": "site.clickSignUpButton();\nregister.enterFullName(userData.fullName);\nregister.enterUserName(userData.username);\nregister.enterPhoneNumber(userData.phoneNumber);\nregister.enterEmail(userData.validEmail);\nregister.enterPassword(invalidData.emptyPassword);\nregister.confirmPassword(Cypress.env('PASSWORD'));\nregister.clickSubmitButton();\nregister.assertEmptyPassword();",
              "err": {
                "message": "CypressError: `cy.type()` cannot accept an empty string. You need to actually type something.\n\nhttps://on.cypress.io/type",
                "estack": "CypressError: `cy.type()` cannot accept an empty string. You need to actually type something.\n\nhttps://on.cypress.io/type\n    at Context.type (https://alphapay.netlify.app/__cypress/runner/cypress_runner.js:117099:68)\n    at wrapped (https://alphapay.netlify.app/__cypress/runner/cypress_runner.js:145681:19)\nFrom Your Spec Code:\n    at Object.proxyGetter [as get] (https://alphapay.netlify.app/__cypress/runner/cypress_runner.js:80741:22)\n    at exists (https://alphapay.netlify.app/__cypress/runner/cypress_runner.js:150544:26)\n    at elExists (https://alphapay.netlify.app/__cypress/runner/cypress_runner.js:150559:10)\n    at ensureExistence (https://alphapay.netlify.app/__cypress/runner/cypress_runner.js:150740:22)\n    at onFailFn (https://alphapay.netlify.app/__cypress/runner/cypress_runner.js:150769:53)",
                "diff": null
              },
              "uuid": "64468e34-8429-483e-9b41-4c796712025b",
              "parentUUID": "b305e637-c8e7-463f-b621-aa69fe13c426",
              "isHook": false,
              "skipped": false
            },
            {
              "title": "should not sign up when password does not meet criteria for length",
              "fullTitle": "signUp functionality tests should not sign up when password does not meet criteria for length",
              "timedOut": null,
              "duration": 7639,
              "state": "passed",
              "speed": "medium",
              "pass": true,
              "fail": false,
              "pending": false,
              "context": null,
              "code": "site.clickSignUpButton();\nregister.enterFullName(userData.fullName);\nregister.enterUserName(userData.username);\nregister.enterPhoneNumber(userData.phoneNumber);\nregister.enterEmail(userData.validEmail);\nregister.enterPassword(Cypress.env('SHORT_PASSWORD'));\nregister.confirmPassword(Cypress.env('SHORT_PASSWORD'));\nregister.clickSubmitButton();\nregister.assertShortPassword();",
              "err": {},
              "uuid": "20979034-b813-4911-bb6f-90518d3c95c6",
              "parentUUID": "b305e637-c8e7-463f-b621-aa69fe13c426",
              "isHook": false,
              "skipped": false
            },
            {
              "title": "should not sign up when password does not meet criteria for complexity",
              "fullTitle": "signUp functionality tests should not sign up when password does not meet criteria for complexity",
              "timedOut": null,
              "duration": 6074,
              "state": "passed",
              "speed": "medium",
              "pass": true,
              "fail": false,
              "pending": false,
              "context": null,
              "code": "site.clickSignUpButton();\nregister.enterFullName(userData.fullName);\nregister.enterUserName(userData.username);\nregister.enterPhoneNumber(userData.phoneNumber);\nregister.enterEmail(userData.validEmail);\nregister.enterPassword(Cypress.env('INVALID_PASSWORD'));\nregister.confirmPassword(Cypress.env('INVALID_PASSWORD'));\nregister.clickSubmitButton();\nregister.assertInvalidPassword();",
              "err": {},
              "uuid": "86402ffb-9ee1-4cdb-89dc-4af88a33ec5a",
              "parentUUID": "b305e637-c8e7-463f-b621-aa69fe13c426",
              "isHook": false,
              "skipped": false
            },
            {
              "title": "should not sign up when confirm password field is empty",
              "fullTitle": "signUp functionality tests should not sign up when confirm password field is empty",
              "timedOut": null,
              "duration": 5753,
              "state": "failed",
              "speed": null,
              "pass": false,
              "fail": true,
              "pending": false,
              "context": null,
              "code": "site.clickSignUpButton();\nregister.enterFullName(userData.fullName);\nregister.enterUserName(userData.username);\nregister.enterPhoneNumber(userData.phoneNumber);\nregister.enterEmail(userData.validEmail);\nregister.enterPassword(Cypress.env('PASSWORD'));\nregister.confirmPassword(invalidData.emptyPassword);\nregister.clickSubmitButton();",
              "err": {
                "message": "CypressError: `cy.type()` cannot accept an empty string. You need to actually type something.\n\nhttps://on.cypress.io/type",
                "estack": "CypressError: `cy.type()` cannot accept an empty string. You need to actually type something.\n\nhttps://on.cypress.io/type\n    at Context.type (https://alphapay.netlify.app/__cypress/runner/cypress_runner.js:117099:68)\n    at wrapped (https://alphapay.netlify.app/__cypress/runner/cypress_runner.js:145681:19)\nFrom Your Spec Code:\n    at Object.proxyGetter [as get] (https://alphapay.netlify.app/__cypress/runner/cypress_runner.js:80741:22)\n    at exists (https://alphapay.netlify.app/__cypress/runner/cypress_runner.js:150544:26)\n    at elExists (https://alphapay.netlify.app/__cypress/runner/cypress_runner.js:150559:10)\n    at ensureExistence (https://alphapay.netlify.app/__cypress/runner/cypress_runner.js:150740:22)\n    at onFailFn (https://alphapay.netlify.app/__cypress/runner/cypress_runner.js:150769:53)",
                "diff": null
              },
              "uuid": "dee35d79-ef4d-4981-b250-5cd03a47871d",
              "parentUUID": "b305e637-c8e7-463f-b621-aa69fe13c426",
              "isHook": false,
              "skipped": false
            },
            {
              "title": "should not sign up when password and confirm password do not match",
              "fullTitle": "signUp functionality tests should not sign up when password and confirm password do not match",
              "timedOut": null,
              "duration": 11679,
              "state": "passed",
              "speed": "slow",
              "pass": true,
              "fail": false,
              "pending": false,
              "context": null,
              "code": "site.clickSignUpButton();\nregister.enterFullName(userData.fullName);\nregister.enterUserName(userData.username);\nregister.enterPhoneNumber(userData.phoneNumber);\nregister.enterEmail(userData.validEmail);\nregister.enterPassword(Cypress.env('PASSWORD'));\nregister.confirmPassword(Cypress.env('INVALID_PASSWORD'));\nregister.clickSubmitButton();\nregister.assertMismatchPassword();",
              "err": {},
              "uuid": "f18526b6-9b53-4032-97c7-c833993b42b7",
              "parentUUID": "b305e637-c8e7-463f-b621-aa69fe13c426",
              "isHook": false,
              "skipped": false
            }
          ],
          "suites": [],
          "passes": [
            "7098bb9f-e0cf-4c69-9e9f-c96bab810d5a",
            "e73c3445-df54-4979-98ad-2c6fd06f96c6",
            "20979034-b813-4911-bb6f-90518d3c95c6",
            "86402ffb-9ee1-4cdb-89dc-4af88a33ec5a",
            "f18526b6-9b53-4032-97c7-c833993b42b7"
          ],
          "failures": [
            "6cefb350-74de-4eb6-bc85-1eca07ff2e56",
            "b41a43b8-a3c9-4d32-b077-69461f51b31d",
            "307d660f-cd1a-4764-ac6e-84eb6f72fcea",
            "64468e34-8429-483e-9b41-4c796712025b",
            "dee35d79-ef4d-4981-b250-5cd03a47871d"
          ],
          "pending": [
            "e6ed1f1a-2436-4557-8f53-d3e12cb503f8"
          ],
          "skipped": [],
          "duration": 66781,
          "root": false,
          "rootEmpty": false,
          "_timeout": 2000
        }
      ],
      "passes": [],
      "failures": [],
      "pending": [],
      "skipped": [],
      "duration": 0,
      "root": true,
      "rootEmpty": true,
      "_timeout": 2000
    }
  ],
  "meta": {
    "mocha": {
      "version": "7.2.0"
    },
    "mochawesome": {
      "options": {
        "quiet": false,
        "reportFilename": "mochawesome",
        "saveHtml": true,
        "saveJson": true,
        "consoleReporter": "spec",
        "useInlineDiffs": false,
        "code": true
      },
      "version": "7.1.4"
    },
    "marge": {
      "options": {
        "reportDir": "cypress/reports",
        "overwrite": false,
        "html": true,
        "json": true
      },
      "version": "6.3.2"
    }
  }
}